epoch: 1
tensor(0.9904, device='cuda:0', grad_fn=<RsubBackward1>)
tensor(0.9554, device='cuda:0', grad_fn=<RsubBackward1>)
tensor(0.9704, device='cuda:0', grad_fn=<RsubBackward1>)
tensor(0.9816, device='cuda:0', grad_fn=<RsubBackward1>)
tensor(0.9826, device='cuda:0', grad_fn=<RsubBackward1>)
tensor(0.9821, device='cuda:0', grad_fn=<RsubBackward1>)
tensor(0.9743, device='cuda:0', grad_fn=<RsubBackward1>)
tensor(0.9789, device='cuda:0', grad_fn=<RsubBackward1>)
tensor(0.9595, device='cuda:0', grad_fn=<RsubBackward1>)
tensor(0.9646, device='cuda:0', grad_fn=<RsubBackward1>)
tensor(0.9555, device='cuda:0', grad_fn=<RsubBackward1>)
tensor(0.9677, device='cuda:0', grad_fn=<RsubBackward1>)
tensor(0.9696, device='cuda:0', grad_fn=<RsubBackward1>)
tensor(0.9660, device='cuda:0', grad_fn=<RsubBackward1>)
tensor(0.9624, device='cuda:0', grad_fn=<RsubBackward1>)
tensor(0.9401, device='cuda:0', grad_fn=<RsubBackward1>)
tensor(0.9470, device='cuda:0', grad_fn=<RsubBackward1>)
tensor(0.9530, device='cuda:0', grad_fn=<RsubBackward1>)
tensor(0.9326, device='cuda:0', grad_fn=<RsubBackward1>)
tensor(0.9146, device='cuda:0', grad_fn=<RsubBackward1>)
tensor(0.9739, device='cuda:0', grad_fn=<RsubBackward1>)
tensor(0.9553, device='cuda:0', grad_fn=<RsubBackward1>)
tensor(0.9618, device='cuda:0', grad_fn=<RsubBackward1>)
tensor(0.9630, device='cuda:0', grad_fn=<RsubBackward1>)
Train - Epoch 2/10, Loss: 0.9626
Eval - Epoch 2/10, Loss: 0.9533
epoch: 2
tensor(0.9391, device='cuda:0', grad_fn=<RsubBackward1>)
tensor(0.9474, device='cuda:0', grad_fn=<RsubBackward1>)
tensor(0.9215, device='cuda:0', grad_fn=<RsubBackward1>)
tensor(0.8887, device='cuda:0', grad_fn=<RsubBackward1>)
tensor(0.9579, device='cuda:0', grad_fn=<RsubBackward1>)
tensor(0.9533, device='cuda:0', grad_fn=<RsubBackward1>)
tensor(0.9686, device='cuda:0', grad_fn=<RsubBackward1>)
tensor(0.9708, device='cuda:0', grad_fn=<RsubBackward1>)
tensor(0.9445, device='cuda:0', grad_fn=<RsubBackward1>)
tensor(0.9362, device='cuda:0', grad_fn=<RsubBackward1>)
tensor(0.9573, device='cuda:0', grad_fn=<RsubBackward1>)
tensor(0.9424, device='cuda:0', grad_fn=<RsubBackward1>)
tensor(0.9560, device='cuda:0', grad_fn=<RsubBackward1>)
tensor(0.9201, device='cuda:0', grad_fn=<RsubBackward1>)
tensor(0.9378, device='cuda:0', grad_fn=<RsubBackward1>)
tensor(0.9427, device='cuda:0', grad_fn=<RsubBackward1>)
tensor(0.9189, device='cuda:0', grad_fn=<RsubBackward1>)
tensor(0.9603, device='cuda:0', grad_fn=<RsubBackward1>)
tensor(0.9344, device='cuda:0', grad_fn=<RsubBackward1>)
tensor(0.9251, device='cuda:0', grad_fn=<RsubBackward1>)
tensor(0.9552, device='cuda:0', grad_fn=<RsubBackward1>)
tensor(0.9170, device='cuda:0', grad_fn=<RsubBackward1>)
tensor(0.8949, device='cuda:0', grad_fn=<RsubBackward1>)
tensor(0.9610, device='cuda:0', grad_fn=<RsubBackward1>)
Train - Epoch 3/10, Loss: 0.9396
Eval - Epoch 3/10, Loss: 0.9484
epoch: 3
tensor(0.9322, device='cuda:0', grad_fn=<RsubBackward1>)
tensor(0.9337, device='cuda:0', grad_fn=<RsubBackward1>)
tensor(0.9087, device='cuda:0', grad_fn=<RsubBackward1>)
tensor(0.8555, device='cuda:0', grad_fn=<RsubBackward1>)
tensor(0.9502, device='cuda:0', grad_fn=<RsubBackward1>)
tensor(0.9155, device='cuda:0', grad_fn=<RsubBackward1>)
tensor(0.9201, device='cuda:0', grad_fn=<RsubBackward1>)
tensor(0.9238, device='cuda:0', grad_fn=<RsubBackward1>)
tensor(0.9265, device='cuda:0', grad_fn=<RsubBackward1>)
tensor(0.8981, device='cuda:0', grad_fn=<RsubBackward1>)
tensor(0.9525, device='cuda:0', grad_fn=<RsubBackward1>)
tensor(0.8891, device='cuda:0', grad_fn=<RsubBackward1>)
tensor(0.9532, device='cuda:0', grad_fn=<RsubBackward1>)
tensor(0.9666, device='cuda:0', grad_fn=<RsubBackward1>)
tensor(0.9582, device='cuda:0', grad_fn=<RsubBackward1>)
tensor(0.9716, device='cuda:0', grad_fn=<RsubBackward1>)
tensor(0.9514, device='cuda:0', grad_fn=<RsubBackward1>)
tensor(0.9585, device='cuda:0', grad_fn=<RsubBackward1>)
tensor(0.9501, device='cuda:0', grad_fn=<RsubBackward1>)
tensor(0.9513, device='cuda:0', grad_fn=<RsubBackward1>)
tensor(0.9341, device='cuda:0', grad_fn=<RsubBackward1>)
tensor(0.9275, device='cuda:0', grad_fn=<RsubBackward1>)
tensor(0.9386, device='cuda:0', grad_fn=<RsubBackward1>)
tensor(0.8899, device='cuda:0', grad_fn=<RsubBackward1>)
Train - Epoch 4/10, Loss: 0.9315
Eval - Epoch 4/10, Loss: 0.9348
epoch: 4
tensor(0.9557, device='cuda:0', grad_fn=<RsubBackward1>)
tensor(0.9030, device='cuda:0', grad_fn=<RsubBackward1>)
tensor(0.9100, device='cuda:0', grad_fn=<RsubBackward1>)
tensor(0.8965, device='cuda:0', grad_fn=<RsubBackward1>)
tensor(0.9241, device='cuda:0', grad_fn=<RsubBackward1>)
tensor(0.9466, device='cuda:0', grad_fn=<RsubBackward1>)
tensor(0.8917, device='cuda:0', grad_fn=<RsubBackward1>)
tensor(0.9368, device='cuda:0', grad_fn=<RsubBackward1>)
tensor(0.9080, device='cuda:0', grad_fn=<RsubBackward1>)
tensor(0.9349, device='cuda:0', grad_fn=<RsubBackward1>)
tensor(0.9445, device='cuda:0', grad_fn=<RsubBackward1>)
tensor(0.9171, device='cuda:0', grad_fn=<RsubBackward1>)
tensor(0.9711, device='cuda:0', grad_fn=<RsubBackward1>)
tensor(0.9287, device='cuda:0', grad_fn=<RsubBackward1>)
tensor(0.8735, device='cuda:0', grad_fn=<RsubBackward1>)
tensor(0.9490, device='cuda:0', grad_fn=<RsubBackward1>)
tensor(0.9572, device='cuda:0', grad_fn=<RsubBackward1>)
tensor(0.9150, device='cuda:0', grad_fn=<RsubBackward1>)
tensor(0.9489, device='cuda:0', grad_fn=<RsubBackward1>)
tensor(0.9191, device='cuda:0', grad_fn=<RsubBackward1>)
tensor(0.9187, device='cuda:0', grad_fn=<RsubBackward1>)
tensor(0.9381, device='cuda:0', grad_fn=<RsubBackward1>)
tensor(0.9321, device='cuda:0', grad_fn=<RsubBackward1>)
tensor(0.9277, device='cuda:0', grad_fn=<RsubBackward1>)
Train - Epoch 5/10, Loss: 0.9270
Eval - Epoch 5/10, Loss: 0.9271
epoch: 5
tensor(0.9368, device='cuda:0', grad_fn=<RsubBackward1>)
tensor(0.9647, device='cuda:0', grad_fn=<RsubBackward1>)
tensor(0.9255, device='cuda:0', grad_fn=<RsubBackward1>)
tensor(0.9369, device='cuda:0', grad_fn=<RsubBackward1>)
tensor(0.8932, device='cuda:0', grad_fn=<RsubBackward1>)
tensor(0.9239, device='cuda:0', grad_fn=<RsubBackward1>)
tensor(0.9117, device='cuda:0', grad_fn=<RsubBackward1>)
tensor(0.9240, device='cuda:0', grad_fn=<RsubBackward1>)
tensor(0.9268, device='cuda:0', grad_fn=<RsubBackward1>)
tensor(0.9131, device='cuda:0', grad_fn=<RsubBackward1>)
tensor(0.9037, device='cuda:0', grad_fn=<RsubBackward1>)
tensor(0.8927, device='cuda:0', grad_fn=<RsubBackward1>)
tensor(0.9263, device='cuda:0', grad_fn=<RsubBackward1>)
tensor(0.9545, device='cuda:0', grad_fn=<RsubBackward1>)
tensor(0.9228, device='cuda:0', grad_fn=<RsubBackward1>)
tensor(0.9468, device='cuda:0', grad_fn=<RsubBackward1>)
tensor(0.9116, device='cuda:0', grad_fn=<RsubBackward1>)
tensor(0.9097, device='cuda:0', grad_fn=<RsubBackward1>)
tensor(0.9276, device='cuda:0', grad_fn=<RsubBackward1>)
tensor(0.9420, device='cuda:0', grad_fn=<RsubBackward1>)
tensor(0.9645, device='cuda:0', grad_fn=<RsubBackward1>)
tensor(0.9097, device='cuda:0', grad_fn=<RsubBackward1>)
tensor(0.8852, device='cuda:0', grad_fn=<RsubBackward1>)
tensor(0.9301, device='cuda:0', grad_fn=<RsubBackward1>)
Train - Epoch 6/10, Loss: 0.9243
Eval - Epoch 6/10, Loss: 0.9244
epoch: 6
tensor(0.9268, device='cuda:0', grad_fn=<RsubBackward1>)
tensor(0.9330, device='cuda:0', grad_fn=<RsubBackward1>)
tensor(0.9305, device='cuda:0', grad_fn=<RsubBackward1>)
tensor(0.9310, device='cuda:0', grad_fn=<RsubBackward1>)
tensor(0.9111, device='cuda:0', grad_fn=<RsubBackward1>)
tensor(0.9012, device='cuda:0', grad_fn=<RsubBackward1>)
tensor(0.9068, device='cuda:0', grad_fn=<RsubBackward1>)
tensor(0.9371, device='cuda:0', grad_fn=<RsubBackward1>)
tensor(0.9470, device='cuda:0', grad_fn=<RsubBackward1>)
tensor(0.9185, device='cuda:0', grad_fn=<RsubBackward1>)
tensor(0.9570, device='cuda:0', grad_fn=<RsubBackward1>)
tensor(0.8997, device='cuda:0', grad_fn=<RsubBackward1>)
tensor(0.9310, device='cuda:0', grad_fn=<RsubBackward1>)
tensor(0.9475, device='cuda:0', grad_fn=<RsubBackward1>)
tensor(0.9067, device='cuda:0', grad_fn=<RsubBackward1>)
tensor(0.8869, device='cuda:0', grad_fn=<RsubBackward1>)
tensor(0.9012, device='cuda:0', grad_fn=<RsubBackward1>)
tensor(0.9108, device='cuda:0', grad_fn=<RsubBackward1>)
tensor(0.9217, device='cuda:0', grad_fn=<RsubBackward1>)
tensor(0.9566, device='cuda:0', grad_fn=<RsubBackward1>)
tensor(0.9605, device='cuda:0', grad_fn=<RsubBackward1>)
tensor(0.9096, device='cuda:0', grad_fn=<RsubBackward1>)
tensor(0.8979, device='cuda:0', grad_fn=<RsubBackward1>)
tensor(0.9129, device='cuda:0', grad_fn=<RsubBackward1>)
Train - Epoch 7/10, Loss: 0.9226
Eval - Epoch 7/10, Loss: 0.9228
epoch: 7
tensor(0.9489, device='cuda:0', grad_fn=<RsubBackward1>)
tensor(0.8933, device='cuda:0', grad_fn=<RsubBackward1>)
tensor(0.8868, device='cuda:0', grad_fn=<RsubBackward1>)
tensor(0.9250, device='cuda:0', grad_fn=<RsubBackward1>)
tensor(0.9159, device='cuda:0', grad_fn=<RsubBackward1>)
tensor(0.9341, device='cuda:0', grad_fn=<RsubBackward1>)
tensor(0.9225, device='cuda:0', grad_fn=<RsubBackward1>)
tensor(0.9267, device='cuda:0', grad_fn=<RsubBackward1>)
tensor(0.9400, device='cuda:0', grad_fn=<RsubBackward1>)
tensor(0.9412, device='cuda:0', grad_fn=<RsubBackward1>)
tensor(0.9439, device='cuda:0', grad_fn=<RsubBackward1>)
tensor(0.8683, device='cuda:0', grad_fn=<RsubBackward1>)
tensor(0.9572, device='cuda:0', grad_fn=<RsubBackward1>)
tensor(0.9615, device='cuda:0', grad_fn=<RsubBackward1>)
tensor(0.9293, device='cuda:0', grad_fn=<RsubBackward1>)
tensor(0.9258, device='cuda:0', grad_fn=<RsubBackward1>)
tensor(0.8872, device='cuda:0', grad_fn=<RsubBackward1>)
tensor(0.9123, device='cuda:0', grad_fn=<RsubBackward1>)
tensor(0.8810, device='cuda:0', grad_fn=<RsubBackward1>)
tensor(0.9242, device='cuda:0', grad_fn=<RsubBackward1>)
tensor(0.9221, device='cuda:0', grad_fn=<RsubBackward1>)
tensor(0.9275, device='cuda:0', grad_fn=<RsubBackward1>)
tensor(0.8878, device='cuda:0', grad_fn=<RsubBackward1>)
tensor(0.9537, device='cuda:0', grad_fn=<RsubBackward1>)
Train - Epoch 8/10, Loss: 0.9215
Eval - Epoch 8/10, Loss: 0.9219
epoch: 8
tensor(0.8779, device='cuda:0', grad_fn=<RsubBackward1>)
tensor(0.9275, device='cuda:0', grad_fn=<RsubBackward1>)
tensor(0.9067, device='cuda:0', grad_fn=<RsubBackward1>)
tensor(0.9503, device='cuda:0', grad_fn=<RsubBackward1>)
tensor(0.8791, device='cuda:0', grad_fn=<RsubBackward1>)
tensor(0.9299, device='cuda:0', grad_fn=<RsubBackward1>)
tensor(0.9010, device='cuda:0', grad_fn=<RsubBackward1>)
tensor(0.9163, device='cuda:0', grad_fn=<RsubBackward1>)
tensor(0.9220, device='cuda:0', grad_fn=<RsubBackward1>)
tensor(0.8893, device='cuda:0', grad_fn=<RsubBackward1>)
tensor(0.9628, device='cuda:0', grad_fn=<RsubBackward1>)
tensor(0.9177, device='cuda:0', grad_fn=<RsubBackward1>)
tensor(0.9095, device='cuda:0', grad_fn=<RsubBackward1>)
tensor(0.9036, device='cuda:0', grad_fn=<RsubBackward1>)
tensor(0.9575, device='cuda:0', grad_fn=<RsubBackward1>)
tensor(0.9405, device='cuda:0', grad_fn=<RsubBackward1>)
tensor(0.8997, device='cuda:0', grad_fn=<RsubBackward1>)
tensor(0.9325, device='cuda:0', grad_fn=<RsubBackward1>)
tensor(0.8993, device='cuda:0', grad_fn=<RsubBackward1>)
tensor(0.9252, device='cuda:0', grad_fn=<RsubBackward1>)
tensor(0.9195, device='cuda:0', grad_fn=<RsubBackward1>)
tensor(0.9414, device='cuda:0', grad_fn=<RsubBackward1>)
tensor(0.9300, device='cuda:0', grad_fn=<RsubBackward1>)
tensor(0.9364, device='cuda:0', grad_fn=<RsubBackward1>)
Train - Epoch 9/10, Loss: 0.9198
Eval - Epoch 9/10, Loss: 0.9212
epoch: 9
tensor(0.9491, device='cuda:0', grad_fn=<RsubBackward1>)
tensor(0.9208, device='cuda:0', grad_fn=<RsubBackward1>)
tensor(0.9267, device='cuda:0', grad_fn=<RsubBackward1>)
tensor(0.9312, device='cuda:0', grad_fn=<RsubBackward1>)
tensor(0.8632, device='cuda:0', grad_fn=<RsubBackward1>)
tensor(0.9283, device='cuda:0', grad_fn=<RsubBackward1>)
tensor(0.9212, device='cuda:0', grad_fn=<RsubBackward1>)
tensor(0.9355, device='cuda:0', grad_fn=<RsubBackward1>)
tensor(0.9246, device='cuda:0', grad_fn=<RsubBackward1>)
tensor(0.9320, device='cuda:0', grad_fn=<RsubBackward1>)
tensor(0.9296, device='cuda:0', grad_fn=<RsubBackward1>)
tensor(0.9267, device='cuda:0', grad_fn=<RsubBackward1>)
tensor(0.9503, device='cuda:0', grad_fn=<RsubBackward1>)
tensor(0.9099, device='cuda:0', grad_fn=<RsubBackward1>)
tensor(0.8960, device='cuda:0', grad_fn=<RsubBackward1>)
tensor(0.8916, device='cuda:0', grad_fn=<RsubBackward1>)
tensor(0.9643, device='cuda:0', grad_fn=<RsubBackward1>)
tensor(0.9016, device='cuda:0', grad_fn=<RsubBackward1>)
tensor(0.9295, device='cuda:0', grad_fn=<RsubBackward1>)
tensor(0.8941, device='cuda:0', grad_fn=<RsubBackward1>)
tensor(0.9127, device='cuda:0', grad_fn=<RsubBackward1>)
tensor(0.8786, device='cuda:0', grad_fn=<RsubBackward1>)
tensor(0.8862, device='cuda:0', grad_fn=<RsubBackward1>)
tensor(0.9472, device='cuda:0', grad_fn=<RsubBackward1>)
Train - Epoch 10/10, Loss: 0.9188
Eval - Epoch 10/10, Loss: 0.9200
epoch: 10
tensor(0.8836, device='cuda:0', grad_fn=<RsubBackward1>)
tensor(0.8669, device='cuda:0', grad_fn=<RsubBackward1>)
tensor(0.8874, device='cuda:0', grad_fn=<RsubBackward1>)
tensor(0.9197, device='cuda:0', grad_fn=<RsubBackward1>)
tensor(0.9548, device='cuda:0', grad_fn=<RsubBackward1>)
tensor(0.9417, device='cuda:0', grad_fn=<RsubBackward1>)
tensor(0.9324, device='cuda:0', grad_fn=<RsubBackward1>)
tensor(0.9429, device='cuda:0', grad_fn=<RsubBackward1>)
tensor(0.9109, device='cuda:0', grad_fn=<RsubBackward1>)
tensor(0.9523, device='cuda:0', grad_fn=<RsubBackward1>)
tensor(0.9456, device='cuda:0', grad_fn=<RsubBackward1>)
tensor(0.8873, device='cuda:0', grad_fn=<RsubBackward1>)
tensor(0.8854, device='cuda:0', grad_fn=<RsubBackward1>)
tensor(0.9560, device='cuda:0', grad_fn=<RsubBackward1>)
tensor(0.9086, device='cuda:0', grad_fn=<RsubBackward1>)
tensor(0.9196, device='cuda:0', grad_fn=<RsubBackward1>)
tensor(0.8790, device='cuda:0', grad_fn=<RsubBackward1>)
tensor(0.9231, device='cuda:0', grad_fn=<RsubBackward1>)
tensor(0.9323, device='cuda:0', grad_fn=<RsubBackward1>)
tensor(0.9333, device='cuda:0', grad_fn=<RsubBackward1>)
tensor(0.8868, device='cuda:0', grad_fn=<RsubBackward1>)
tensor(0.9555, device='cuda:0', grad_fn=<RsubBackward1>)
tensor(0.9148, device='cuda:0', grad_fn=<RsubBackward1>)
tensor(0.9152, device='cuda:0', grad_fn=<RsubBackward1>)
Train - Epoch 11/10, Loss: 0.9181
Eval - Epoch 11/10, Loss: 0.9193
Finished Training
